<?xml version="1.0" encoding="UTF-8"?>
<!-- Generated by org.testng.reporters.JUnitReportReporter -->
<testsuite hostname="NagaPraveenKumar" name="com.HRM.testCases.TC_LoginPage" tests="2" failures="0" timestamp="26 Mar 2023 04:43:32 GMT" time="39.068" errors="0">
  <testcase name="validateLoginFunctionality" time="19.177" classname="com.HRM.testCases.TC_LoginPage"/>
  <testcase name="validateLoginFunctionality2" time="19.891" classname="com.HRM.testCases.TC_LoginPage"/>
</testsuite> <!-- com.HRM.testCases.TC_LoginPage -->
